2017-11-10 15:53:52,181 [INFO] from play.api.http.EnabledFilters in play-dev-mode-akka.actor.default-dispatcher-2 - Enabled Filters (see <https://www.playframework.com/documentation/latest/Filters>):

    play.filters.csrf.CSRFFilter
    play.filters.headers.SecurityHeadersFilter
    play.filters.hosts.AllowedHostsFilter

2017-11-10 15:53:52,234 [INFO] from play.api.Play in play-dev-mode-akka.actor.default-dispatcher-2 - Application started (Dev)
2017-11-10 15:54:14,113 [INFO] from play.api.http.EnabledFilters in play-dev-mode-akka.actor.default-dispatcher-5 - Enabled Filters (see <https://www.playframework.com/documentation/latest/Filters>):

    play.filters.csrf.CSRFFilter
    play.filters.headers.SecurityHeadersFilter
    play.filters.hosts.AllowedHostsFilter

2017-11-10 15:54:14,122 [INFO] from play.api.Play in play-dev-mode-akka.actor.default-dispatcher-5 - Application started (Dev)
2017-11-10 15:59:56,883 [ERROR] from application in play-dev-mode-akka.actor.default-dispatcher-4 - 

! @7613a8jhn - Internal server error, for (GET) [/about] ->
 
play.sbt.routes.RoutesCompilationException: Compilation error[`)' expected but `"' found]
	at play.sbt.routes.RoutesCompiler$.$anonfun$compileRoutes$5(RoutesCompiler.scala:165)
	at scala.collection.TraversableLike.$anonfun$map$1(TraversableLike.scala:234)
	at scala.collection.immutable.List.foreach(List.scala:389)
	at scala.collection.TraversableLike.map(TraversableLike.scala:234)
	at scala.collection.TraversableLike.map$(TraversableLike.scala:227)
	at scala.collection.immutable.List.map(List.scala:295)
	at play.sbt.routes.RoutesCompiler$.compileRoutes(RoutesCompiler.scala:163)
	at play.sbt.routes.RoutesCompiler$.$anonfun$compileRoutesFiles$1(RoutesCompiler.scala:141)
	at scala.Function1.$anonfun$compose$1(Function1.scala:44)
	at sbt.internal.util.$tilde$greater.$anonfun$$u2219$1(TypeFunctions.scala:42)
	at sbt.std.Transform$$anon$4.work(System.scala:64)
	at sbt.Execute.$anonfun$submit$2(Execute.scala:257)
	at sbt.internal.util.ErrorHandling$.wideConvert(ErrorHandling.scala:16)
	at sbt.Execute.work(Execute.scala:266)
	at sbt.Execute.$anonfun$submit$1(Execute.scala:257)
	at sbt.ConcurrentRestrictions$$anon$4.$anonfun$submitValid$1(ConcurrentRestrictions.scala:167)
	at sbt.CompletionService$$anon$2.call(CompletionService.scala:32)
	at java.util.concurrent.FutureTask.run(FutureTask.java:266)
	at java.util.concurrent.Executors$RunnableAdapter.call(Executors.java:511)
	at java.util.concurrent.FutureTask.run(FutureTask.java:266)
	at java.util.concurrent.ThreadPoolExecutor.runWorker(ThreadPoolExecutor.java:1149)
	at java.util.concurrent.ThreadPoolExecutor$Worker.run(ThreadPoolExecutor.java:624)
	at java.lang.Thread.run(Thread.java:748)
2017-11-10 16:00:47,174 [ERROR] from application in play-dev-mode-akka.actor.default-dispatcher-12 - 

! @7613abg3b - Internal server error, for (GET) [/about] ->
 
play.sbt.routes.RoutesCompilationException: Compilation error[Using different overloaded methods is not allowed. If you are using a single method in combination with default parameters, make sure you declare them all explicitly.]
	at play.sbt.routes.RoutesCompiler$.$anonfun$compileRoutes$5(RoutesCompiler.scala:165)
	at scala.collection.TraversableLike.$anonfun$map$1(TraversableLike.scala:234)
	at scala.collection.immutable.List.foreach(List.scala:389)
	at scala.collection.TraversableLike.map(TraversableLike.scala:234)
	at scala.collection.TraversableLike.map$(TraversableLike.scala:227)
	at scala.collection.immutable.List.map(List.scala:295)
	at play.sbt.routes.RoutesCompiler$.compileRoutes(RoutesCompiler.scala:163)
	at play.sbt.routes.RoutesCompiler$.$anonfun$compileRoutesFiles$1(RoutesCompiler.scala:141)
	at scala.Function1.$anonfun$compose$1(Function1.scala:44)
	at sbt.internal.util.$tilde$greater.$anonfun$$u2219$1(TypeFunctions.scala:42)
	at sbt.std.Transform$$anon$4.work(System.scala:64)
	at sbt.Execute.$anonfun$submit$2(Execute.scala:257)
	at sbt.internal.util.ErrorHandling$.wideConvert(ErrorHandling.scala:16)
	at sbt.Execute.work(Execute.scala:266)
	at sbt.Execute.$anonfun$submit$1(Execute.scala:257)
	at sbt.ConcurrentRestrictions$$anon$4.$anonfun$submitValid$1(ConcurrentRestrictions.scala:167)
	at sbt.CompletionService$$anon$2.call(CompletionService.scala:32)
	at java.util.concurrent.FutureTask.run(FutureTask.java:266)
	at java.util.concurrent.Executors$RunnableAdapter.call(Executors.java:511)
	at java.util.concurrent.FutureTask.run(FutureTask.java:266)
	at java.util.concurrent.ThreadPoolExecutor.runWorker(ThreadPoolExecutor.java:1149)
	at java.util.concurrent.ThreadPoolExecutor$Worker.run(ThreadPoolExecutor.java:624)
	at java.lang.Thread.run(Thread.java:748)
2017-11-10 16:01:52,450 [ERROR] from application in play-dev-mode-akka.actor.default-dispatcher-11 - 

! @7613af8p1 - Internal server error, for (GET) [/about] ->
 
play.sbt.PlayExceptions$CompilationException: Compilation error[method render in class views.html.about cannot be applied to given types;
  required: no arguments
  found: java.lang.String
  reason: actual and formal argument lists differ in length]
	at play.sbt.PlayExceptions$CompilationException$.apply(PlayExceptions.scala:34)
	at play.sbt.PlayExceptions$CompilationException$.apply(PlayExceptions.scala:34)
	at scala.Option.map(Option.scala:146)
	at play.sbt.run.PlayReload$.$anonfun$taskFailureHandler$1(PlayReload.scala:33)
	at scala.Option.map(Option.scala:146)
	at play.sbt.run.PlayReload$.taskFailureHandler(PlayReload.scala:28)
	at play.sbt.run.PlayReload$.compileFailure(PlayReload.scala:24)
	at play.sbt.run.PlayReload$.$anonfun$compile$3(PlayReload.scala:51)
	at scala.util.Either$LeftProjection.map(Either.scala:573)
	at play.sbt.run.PlayReload$.compile(PlayReload.scala:51)
	at play.sbt.run.PlayRun$.$anonfun$playRunTask$4(PlayRun.scala:75)
	at play.runsupport.Reloader.$anonfun$reload$1(Reloader.scala:413)
	at play.runsupport.Reloader$$anon$5.run(Reloader.scala:51)
	at java.security.AccessController.doPrivileged(Native Method)
	at play.runsupport.Reloader$.play$runsupport$Reloader$$withReloaderContextClassLoader(Reloader.scala:56)
	at play.runsupport.Reloader.reload(Reloader.scala:413)
	at play.core.server.DevServerStart$$anon$1.get(DevServerStart.scala:123)
	at play.core.server.Server.getHandlerFor(Server.scala:63)
	at play.core.server.Server.getHandlerFor$(Server.scala:48)
	at play.core.server.AkkaHttpServer.getHandlerFor(AkkaHttpServer.scala:41)
	at play.core.server.AkkaHttpServer.getHandler(AkkaHttpServer.scala:214)
	at play.core.server.AkkaHttpServer.handleRequest(AkkaHttpServer.scala:194)
	at play.core.server.AkkaHttpServer.$anonfun$createServerBinding$3(AkkaHttpServer.scala:106)
	at akka.stream.impl.fusing.MapAsync$$anon$23.onPush(Ops.scala:1172)
	at akka.stream.impl.fusing.GraphInterpreter.processPush(GraphInterpreter.scala:499)
	at akka.stream.impl.fusing.GraphInterpreter.processEvent(GraphInterpreter.scala:462)
	at akka.stream.impl.fusing.GraphInterpreter.execute(GraphInterpreter.scala:368)
	at akka.stream.impl.fusing.GraphInterpreterShell.runBatch(ActorGraphInterpreter.scala:571)
	at akka.stream.impl.fusing.GraphInterpreterShell$AsyncInput.execute(ActorGraphInterpreter.scala:457)
	at akka.stream.impl.fusing.GraphInterpreterShell.processEvent(ActorGraphInterpreter.scala:546)
	at akka.stream.impl.fusing.ActorGraphInterpreter.akka$stream$impl$fusing$ActorGraphInterpreter$$processEvent(ActorGraphInterpreter.scala:725)
	at akka.stream.impl.fusing.ActorGraphInterpreter$$anonfun$receive$1.applyOrElse(ActorGraphInterpreter.scala:740)
	at akka.actor.Actor.aroundReceive(Actor.scala:514)
	at akka.actor.Actor.aroundReceive$(Actor.scala:512)
	at akka.stream.impl.fusing.ActorGraphInterpreter.aroundReceive(ActorGraphInterpreter.scala:650)
	at akka.actor.ActorCell.receiveMessage(ActorCell.scala:527)
	at akka.actor.ActorCell.invoke(ActorCell.scala:496)
	at akka.dispatch.Mailbox.processMailbox(Mailbox.scala:257)
	at akka.dispatch.Mailbox.run(Mailbox.scala:224)
	at akka.dispatch.Mailbox.exec(Mailbox.scala:234)
	at akka.dispatch.forkjoin.ForkJoinTask.doExec(ForkJoinTask.java:260)
	at akka.dispatch.forkjoin.ForkJoinPool$WorkQueue.runTask(ForkJoinPool.java:1339)
	at akka.dispatch.forkjoin.ForkJoinPool.runWorker(ForkJoinPool.java:1979)
	at akka.dispatch.forkjoin.ForkJoinWorkerThread.run(ForkJoinWorkerThread.java:107)
2017-11-10 16:01:57,299 [ERROR] from application in play-dev-mode-akka.actor.default-dispatcher-4 - 

! @7613afg3e - Internal server error, for (GET) [/about] ->
 
play.sbt.PlayExceptions$CompilationException: Compilation error[method render in class views.html.about cannot be applied to given types;
  required: no arguments
  found: java.lang.String
  reason: actual and formal argument lists differ in length]
	at play.sbt.PlayExceptions$CompilationException$.apply(PlayExceptions.scala:34)
	at play.sbt.PlayExceptions$CompilationException$.apply(PlayExceptions.scala:34)
	at scala.Option.map(Option.scala:146)
	at play.sbt.run.PlayReload$.$anonfun$taskFailureHandler$1(PlayReload.scala:33)
	at scala.Option.map(Option.scala:146)
	at play.sbt.run.PlayReload$.taskFailureHandler(PlayReload.scala:28)
	at play.sbt.run.PlayReload$.compileFailure(PlayReload.scala:24)
	at play.sbt.run.PlayReload$.$anonfun$compile$3(PlayReload.scala:51)
	at scala.util.Either$LeftProjection.map(Either.scala:573)
	at play.sbt.run.PlayReload$.compile(PlayReload.scala:51)
	at play.sbt.run.PlayRun$.$anonfun$playRunTask$4(PlayRun.scala:75)
	at play.runsupport.Reloader.$anonfun$reload$1(Reloader.scala:413)
	at play.runsupport.Reloader$$anon$5.run(Reloader.scala:51)
	at java.security.AccessController.doPrivileged(Native Method)
	at play.runsupport.Reloader$.play$runsupport$Reloader$$withReloaderContextClassLoader(Reloader.scala:56)
	at play.runsupport.Reloader.reload(Reloader.scala:413)
	at play.core.server.DevServerStart$$anon$1.get(DevServerStart.scala:123)
	at play.core.server.Server.getHandlerFor(Server.scala:63)
	at play.core.server.Server.getHandlerFor$(Server.scala:48)
	at play.core.server.AkkaHttpServer.getHandlerFor(AkkaHttpServer.scala:41)
	at play.core.server.AkkaHttpServer.getHandler(AkkaHttpServer.scala:214)
	at play.core.server.AkkaHttpServer.handleRequest(AkkaHttpServer.scala:194)
	at play.core.server.AkkaHttpServer.$anonfun$createServerBinding$3(AkkaHttpServer.scala:106)
	at akka.stream.impl.fusing.MapAsync$$anon$23.onPush(Ops.scala:1172)
	at akka.stream.impl.fusing.GraphInterpreter.processPush(GraphInterpreter.scala:499)
	at akka.stream.impl.fusing.GraphInterpreter.processEvent(GraphInterpreter.scala:462)
	at akka.stream.impl.fusing.GraphInterpreter.execute(GraphInterpreter.scala:368)
	at akka.stream.impl.fusing.GraphInterpreterShell.runBatch(ActorGraphInterpreter.scala:571)
	at akka.stream.impl.fusing.GraphInterpreterShell$AsyncInput.execute(ActorGraphInterpreter.scala:457)
	at akka.stream.impl.fusing.GraphInterpreterShell.processEvent(ActorGraphInterpreter.scala:546)
	at akka.stream.impl.fusing.ActorGraphInterpreter.akka$stream$impl$fusing$ActorGraphInterpreter$$processEvent(ActorGraphInterpreter.scala:725)
	at akka.stream.impl.fusing.ActorGraphInterpreter$$anonfun$receive$1.applyOrElse(ActorGraphInterpreter.scala:740)
	at akka.actor.Actor.aroundReceive(Actor.scala:514)
	at akka.actor.Actor.aroundReceive$(Actor.scala:512)
	at akka.stream.impl.fusing.ActorGraphInterpreter.aroundReceive(ActorGraphInterpreter.scala:650)
	at akka.actor.ActorCell.receiveMessage(ActorCell.scala:527)
	at akka.actor.ActorCell.invoke(ActorCell.scala:496)
	at akka.dispatch.Mailbox.processMailbox(Mailbox.scala:257)
	at akka.dispatch.Mailbox.run(Mailbox.scala:224)
	at akka.dispatch.Mailbox.exec(Mailbox.scala:234)
	at akka.dispatch.forkjoin.ForkJoinTask.doExec(ForkJoinTask.java:260)
	at akka.dispatch.forkjoin.ForkJoinPool$WorkQueue.runTask(ForkJoinPool.java:1339)
	at akka.dispatch.forkjoin.ForkJoinPool.runWorker(ForkJoinPool.java:1979)
	at akka.dispatch.forkjoin.ForkJoinWorkerThread.run(ForkJoinWorkerThread.java:107)
2017-11-10 16:09:43,486 [INFO] from play.api.http.EnabledFilters in play-dev-mode-akka.actor.default-dispatcher-20 - Enabled Filters (see <https://www.playframework.com/documentation/latest/Filters>):

    play.filters.csrf.CSRFFilter
    play.filters.headers.SecurityHeadersFilter
    play.filters.hosts.AllowedHostsFilter

2017-11-10 16:09:43,496 [INFO] from play.api.Play in play-dev-mode-akka.actor.default-dispatcher-20 - Application started (Dev)
2017-11-10 16:10:19,633 [INFO] from play.api.http.EnabledFilters in play-dev-mode-akka.actor.default-dispatcher-16 - Enabled Filters (see <https://www.playframework.com/documentation/latest/Filters>):

    play.filters.csrf.CSRFFilter
    play.filters.headers.SecurityHeadersFilter
    play.filters.hosts.AllowedHostsFilter

2017-11-10 16:10:19,638 [INFO] from play.api.Play in play-dev-mode-akka.actor.default-dispatcher-16 - Application started (Dev)
2017-11-10 16:11:19,261 [INFO] from play.api.http.EnabledFilters in play-dev-mode-akka.actor.default-dispatcher-24 - Enabled Filters (see <https://www.playframework.com/documentation/latest/Filters>):

    play.filters.csrf.CSRFFilter
    play.filters.headers.SecurityHeadersFilter
    play.filters.hosts.AllowedHostsFilter

2017-11-10 16:11:19,264 [INFO] from play.api.Play in play-dev-mode-akka.actor.default-dispatcher-24 - Application started (Dev)
2017-11-10 16:14:39,072 [INFO] from play.api.http.EnabledFilters in play-dev-mode-akka.actor.default-dispatcher-25 - Enabled Filters (see <https://www.playframework.com/documentation/latest/Filters>):

    play.filters.csrf.CSRFFilter
    play.filters.headers.SecurityHeadersFilter
    play.filters.hosts.AllowedHostsFilter

2017-11-10 16:14:39,076 [INFO] from play.api.Play in play-dev-mode-akka.actor.default-dispatcher-25 - Application started (Dev)
2017-11-10 16:14:49,270 [INFO] from play.api.http.EnabledFilters in play-dev-mode-akka.actor.default-dispatcher-36 - Enabled Filters (see <https://www.playframework.com/documentation/latest/Filters>):

    play.filters.csrf.CSRFFilter
    play.filters.headers.SecurityHeadersFilter
    play.filters.hosts.AllowedHostsFilter

2017-11-10 16:14:49,275 [INFO] from play.api.Play in play-dev-mode-akka.actor.default-dispatcher-36 - Application started (Dev)
2017-11-10 16:18:13,693 [INFO] from play.api.http.EnabledFilters in play-dev-mode-akka.actor.default-dispatcher-44 - Enabled Filters (see <https://www.playframework.com/documentation/latest/Filters>):

    play.filters.csrf.CSRFFilter
    play.filters.headers.SecurityHeadersFilter
    play.filters.hosts.AllowedHostsFilter

2017-11-10 16:18:13,702 [INFO] from play.api.Play in play-dev-mode-akka.actor.default-dispatcher-44 - Application started (Dev)
2017-11-10 16:24:01,285 [INFO] from play.core.server.AkkaHttpServer in pool-5-thread-5 - Stopping server...
